[debug] [2022-11-22T15:41:02.673Z] ----------------------------------------------------------------------
[debug] [2022-11-22T15:41:02.675Z] Command:       /home/guifernandes/.nvm/versions/node/v17.3.0/bin/node /home/guifernandes/.nvm/versions/node/v17.3.0/bin/firebase deploy
[debug] [2022-11-22T15:41:02.676Z] CLI Version:   11.14.1
[debug] [2022-11-22T15:41:02.676Z] Platform:      linux
[debug] [2022-11-22T15:41:02.676Z] Node Version:  v17.3.0
[debug] [2022-11-22T15:41:02.677Z] Time:          Tue Nov 22 2022 16:41:02 GMT+0100 (Central European Standard Time)
[debug] [2022-11-22T15:41:02.677Z] ----------------------------------------------------------------------
[debug] 
[debug] [2022-11-22T15:41:02.744Z] > command requires scopes: ["email","openid","https://www.googleapis.com/auth/cloudplatformprojects.readonly","https://www.googleapis.com/auth/firebase","https://www.googleapis.com/auth/cloud-platform"]
[debug] [2022-11-22T15:41:02.745Z] > authorizing via signed-in user (guifernandespro@gmail.com)
[debug] [2022-11-22T15:41:02.745Z] [iam] checking project incon-website for permissions ["firebase.projects.get","firebasehosting.sites.update"]
[debug] [2022-11-22T15:41:02.746Z] > refreshing access token with scopes: []
[debug] [2022-11-22T15:41:02.748Z] >>> [apiv2][query] POST https://www.googleapis.com/oauth2/v3/token [none]
[debug] [2022-11-22T15:41:02.748Z] >>> [apiv2][body] POST https://www.googleapis.com/oauth2/v3/token [omitted]
[debug] [2022-11-22T15:41:02.961Z] <<< [apiv2][status] POST https://www.googleapis.com/oauth2/v3/token 400
[debug] [2022-11-22T15:41:02.961Z] <<< [apiv2][body] POST https://www.googleapis.com/oauth2/v3/token [omitted]
[debug] [2022-11-22T15:41:02.962Z] >>> [apiv2][query] POST https://cloudresourcemanager.googleapis.com/v1/projects/incon-website:testIamPermissions [none]
[debug] [2022-11-22T15:41:02.962Z] >>> [apiv2][(partial)header] POST https://cloudresourcemanager.googleapis.com/v1/projects/incon-website:testIamPermissions x-goog-quota-user=projects/incon-website
[debug] [2022-11-22T15:41:02.962Z] >>> [apiv2][body] POST https://cloudresourcemanager.googleapis.com/v1/projects/incon-website:testIamPermissions {"permissions":["firebase.projects.get","firebasehosting.sites.update"]}
[debug] [2022-11-22T15:41:03.165Z] <<< [apiv2][status] POST https://cloudresourcemanager.googleapis.com/v1/projects/incon-website:testIamPermissions 401
[debug] [2022-11-22T15:41:03.166Z] <<< [apiv2][body] POST https://cloudresourcemanager.googleapis.com/v1/projects/incon-website:testIamPermissions {"error":{"code":401,"message":"Request had invalid authentication credentials. Expected OAuth 2 access token, login cookie or other valid authentication credential. See https://developers.google.com/identity/sign-in/web/devconsole-project.","status":"UNAUTHENTICATED","details":[{"@type":"type.googleapis.com/google.rpc.ErrorInfo","reason":"ACCESS_TOKEN_TYPE_UNSUPPORTED","metadata":{"method":"google.cloudresourcemanager.v1.Projects.TestIamPermissions","service":"cloudresourcemanager.googleapis.com"}}]}}
[debug] [2022-11-22T15:41:03.173Z] [iam] error while checking permissions, command may fail: FirebaseError: HTTP Error: 401, Request had invalid authentication credentials. Expected OAuth 2 access token, login cookie or other valid authentication credential. See https://developers.google.com/identity/sign-in/web/devconsole-project.
[debug] [2022-11-22T15:41:03.175Z] > refreshing access token with scopes: []
[debug] [2022-11-22T15:41:03.178Z] >>> [apiv2][query] POST https://www.googleapis.com/oauth2/v3/token [none]
[debug] [2022-11-22T15:41:03.179Z] >>> [apiv2][body] POST https://www.googleapis.com/oauth2/v3/token [omitted]
[debug] [2022-11-22T15:41:03.269Z] <<< [apiv2][status] POST https://www.googleapis.com/oauth2/v3/token 400
[debug] [2022-11-22T15:41:03.270Z] <<< [apiv2][body] POST https://www.googleapis.com/oauth2/v3/token [omitted]
[debug] [2022-11-22T15:41:03.275Z] >>> [apiv2][query] GET https://firebase.googleapis.com/v1beta1/projects/incon-website [none]
[debug] [2022-11-22T15:41:03.373Z] <<< [apiv2][status] GET https://firebase.googleapis.com/v1beta1/projects/incon-website 401
[debug] [2022-11-22T15:41:03.374Z] <<< [apiv2][body] GET https://firebase.googleapis.com/v1beta1/projects/incon-website {"error":{"code":401,"message":"Request had invalid authentication credentials. Expected OAuth 2 access token, login cookie or other valid authentication credential. See https://developers.google.com/identity/sign-in/web/devconsole-project.","status":"UNAUTHENTICATED"}}
[debug] [2022-11-22T15:41:03.375Z] HTTP Error: 401, Request had invalid authentication credentials. Expected OAuth 2 access token, login cookie or other valid authentication credential. See https://developers.google.com/identity/sign-in/web/devconsole-project.
[debug] [2022-11-22T15:41:03.471Z] FirebaseError: HTTP Error: 401, Request had invalid authentication credentials. Expected OAuth 2 access token, login cookie or other valid authentication credential. See https://developers.google.com/identity/sign-in/web/devconsole-project.
    at responseToError (/home/guifernandes/.nvm/versions/node/v17.3.0/lib/node_modules/firebase-tools/lib/responseToError.js:49:12)
    at RetryOperation._fn (/home/guifernandes/.nvm/versions/node/v17.3.0/lib/node_modules/firebase-tools/lib/apiv2.js:288:77)
    at processTicksAndRejections (node:internal/process/task_queues:96:5)
[error] 
[error] Error: Failed to get Firebase project incon-website. Please make sure the project exists and your account has permission to access it.
[debug] [2022-11-22T15:54:12.370Z] ----------------------------------------------------------------------
[debug] [2022-11-22T15:54:12.372Z] Command:       /home/guifernandes/.nvm/versions/node/v17.3.0/bin/node /home/guifernandes/.nvm/versions/node/v17.3.0/bin/firebase deploy
[debug] [2022-11-22T15:54:12.373Z] CLI Version:   11.14.1
[debug] [2022-11-22T15:54:12.373Z] Platform:      linux
[debug] [2022-11-22T15:54:12.373Z] Node Version:  v17.3.0
[debug] [2022-11-22T15:54:12.373Z] Time:          Tue Nov 22 2022 16:54:12 GMT+0100 (Central European Standard Time)
[debug] [2022-11-22T15:54:12.373Z] ----------------------------------------------------------------------
[debug] 
[debug] [2022-11-22T15:54:12.439Z] > command requires scopes: ["email","openid","https://www.googleapis.com/auth/cloudplatformprojects.readonly","https://www.googleapis.com/auth/firebase","https://www.googleapis.com/auth/cloud-platform"]
[debug] [2022-11-22T15:54:12.440Z] > authorizing via signed-in user (guifernandespro@gmail.com)
[debug] [2022-11-22T15:54:12.440Z] [iam] checking project incon-website for permissions ["firebase.projects.get","firebasehosting.sites.update"]
[debug] [2022-11-22T15:54:12.441Z] > refreshing access token with scopes: []
[debug] [2022-11-22T15:54:12.443Z] >>> [apiv2][query] POST https://www.googleapis.com/oauth2/v3/token [none]
[debug] [2022-11-22T15:54:12.443Z] >>> [apiv2][body] POST https://www.googleapis.com/oauth2/v3/token [omitted]
[debug] [2022-11-22T15:54:12.649Z] <<< [apiv2][status] POST https://www.googleapis.com/oauth2/v3/token 400
[debug] [2022-11-22T15:54:12.649Z] <<< [apiv2][body] POST https://www.googleapis.com/oauth2/v3/token [omitted]
[debug] [2022-11-22T15:54:12.649Z] >>> [apiv2][query] POST https://cloudresourcemanager.googleapis.com/v1/projects/incon-website:testIamPermissions [none]
[debug] [2022-11-22T15:54:12.650Z] >>> [apiv2][(partial)header] POST https://cloudresourcemanager.googleapis.com/v1/projects/incon-website:testIamPermissions x-goog-quota-user=projects/incon-website
[debug] [2022-11-22T15:54:12.650Z] >>> [apiv2][body] POST https://cloudresourcemanager.googleapis.com/v1/projects/incon-website:testIamPermissions {"permissions":["firebase.projects.get","firebasehosting.sites.update"]}
[debug] [2022-11-22T15:54:13.529Z] <<< [apiv2][status] POST https://cloudresourcemanager.googleapis.com/v1/projects/incon-website:testIamPermissions 401
[debug] [2022-11-22T15:54:13.530Z] <<< [apiv2][body] POST https://cloudresourcemanager.googleapis.com/v1/projects/incon-website:testIamPermissions {"error":{"code":401,"message":"Request had invalid authentication credentials. Expected OAuth 2 access token, login cookie or other valid authentication credential. See https://developers.google.com/identity/sign-in/web/devconsole-project.","status":"UNAUTHENTICATED","details":[{"@type":"type.googleapis.com/google.rpc.ErrorInfo","reason":"ACCESS_TOKEN_TYPE_UNSUPPORTED","metadata":{"service":"cloudresourcemanager.googleapis.com","method":"google.cloudresourcemanager.v1.Projects.TestIamPermissions"}}]}}
[debug] [2022-11-22T15:54:13.531Z] [iam] error while checking permissions, command may fail: FirebaseError: HTTP Error: 401, Request had invalid authentication credentials. Expected OAuth 2 access token, login cookie or other valid authentication credential. See https://developers.google.com/identity/sign-in/web/devconsole-project.
[debug] [2022-11-22T15:54:13.532Z] > refreshing access token with scopes: []
[debug] [2022-11-22T15:54:13.533Z] >>> [apiv2][query] POST https://www.googleapis.com/oauth2/v3/token [none]
[debug] [2022-11-22T15:54:13.533Z] >>> [apiv2][body] POST https://www.googleapis.com/oauth2/v3/token [omitted]
[debug] [2022-11-22T15:54:13.626Z] <<< [apiv2][status] POST https://www.googleapis.com/oauth2/v3/token 400
[debug] [2022-11-22T15:54:13.627Z] <<< [apiv2][body] POST https://www.googleapis.com/oauth2/v3/token [omitted]
[debug] [2022-11-22T15:54:13.631Z] >>> [apiv2][query] GET https://firebase.googleapis.com/v1beta1/projects/incon-website [none]
[debug] [2022-11-22T15:54:13.795Z] <<< [apiv2][status] GET https://firebase.googleapis.com/v1beta1/projects/incon-website 401
[debug] [2022-11-22T15:54:13.796Z] <<< [apiv2][body] GET https://firebase.googleapis.com/v1beta1/projects/incon-website {"error":{"code":401,"message":"Request had invalid authentication credentials. Expected OAuth 2 access token, login cookie or other valid authentication credential. See https://developers.google.com/identity/sign-in/web/devconsole-project.","status":"UNAUTHENTICATED"}}
[debug] [2022-11-22T15:54:13.798Z] HTTP Error: 401, Request had invalid authentication credentials. Expected OAuth 2 access token, login cookie or other valid authentication credential. See https://developers.google.com/identity/sign-in/web/devconsole-project.
[debug] [2022-11-22T15:54:13.900Z] FirebaseError: HTTP Error: 401, Request had invalid authentication credentials. Expected OAuth 2 access token, login cookie or other valid authentication credential. See https://developers.google.com/identity/sign-in/web/devconsole-project.
    at responseToError (/home/guifernandes/.nvm/versions/node/v17.3.0/lib/node_modules/firebase-tools/lib/responseToError.js:49:12)
    at RetryOperation._fn (/home/guifernandes/.nvm/versions/node/v17.3.0/lib/node_modules/firebase-tools/lib/apiv2.js:288:77)
    at processTicksAndRejections (node:internal/process/task_queues:96:5)
[error] 
[error] Error: Failed to get Firebase project incon-website. Please make sure the project exists and your account has permission to access it.
